  Creating makefile for UAVSimEnvEditor (no existing makefile)
UnrealBuildTool : warning : Library 'Shell32.lib' was not resolvable to a file when used in Module 'AirSim', assuming it is a filename and will search library paths for it. This is slow and dependency checking will not work for it. Please update reference to be fully qualified alternatively use PublicSystemLibraryPaths if you do intended to use this slow path to suppress this warning.
UnrealBuildTool : warning : Library 'dinput8.lib' was not resolvable to a file when used in Module 'AirSim', assuming it is a filename and will search library paths for it. This is slow and dependency checking will not work for it. Please update reference to be fully qualified alternatively use PublicSystemLibraryPaths if you do intended to use this slow path to suppress this warning.
UnrealBuildTool : warning : Library 'dxguid.lib' was not resolvable to a file when used in Module 'AirSim', assuming it is a filename and will search library paths for it. This is slow and dependency checking will not work for it. Please update reference to be fully qualified alternatively use PublicSystemLibraryPaths if you do intended to use this slow path to suppress this warning.
  Parsing headers for UAVSimEnvEditor
    Running UnrealHeaderTool "C:\M-WLP\School\GIT\UAVViz\UAVSimEnv\UAVSimEnv.uproject" "C:\M-WLP\School\GIT\UAVViz\UAVSimEnv\Intermediate\Build\Win64\UAVSimEnvEditor\DebugGame\UAVSimEnvEditor.uhtmanifest" -LogCmds="loginit warning, logexit warning, logdatabase error" -Unattended -WarningsAsErrors -abslog="C:\Users\Mohammad Hameed\AppData\Local\UnrealBuildTool\Log_UHT.txt" -installed
  Reflection code generated for UAVSimEnvEditor in 7.0054562 seconds
  Building UAVSimEnvEditor...
  Using Visual Studio 2019 14.28.29335 toolchain (C:\Program Files (x86)\Microsoft Visual Studio\2019\Community\VC\Tools\MSVC\14.28.29333) and Windows 10.0.18362.0 SDK (C:\Program Files (x86)\Windows Kits\10).
  Building 12 actions with 12 processes...
    [1/12] Default.rc2
    [2/12] Default.rc2
    [3/12] SharedPCH.Engine.NonOptimized.ShadowErrors.cpp
    [4/12] UAVSimEnv.cpp
    [5/12] MyClass.cpp
    [6/12] UE4Editor-UAVSimEnv-Win64-DebugGame.lib
       Creating library C:\M-WLP\School\GIT\UAVViz\UAVSimEnv\Intermediate\Build\Win64\UE4Editor\DebugGame\UAVSimEnv\UE4Editor-UAVSimEnv-Win64-DebugGame.lib and object C:\M-WLP\School\GIT\UAVViz\UAVSimEnv\Intermediate\Build\Win64\UE4Editor\DebugGame\UAVSimEnv\UE4Editor-UAVSimEnv-Win64-DebugGame.exp
    [7/12] Module.AirSim.gen.cpp
    [8/12] Module.AirSim.cpp
C:/M-WLP/School/GIT/UAVViz/UAVSimEnv/Plugins/AirSim/Source/SimMode/SimModeBase.cpp(222): warning C4996: UObjectProperty has been renamed to FObjectProperty Please update your code to the new API before upgrading to the next release, otherwise your project will no longer compile.
C:/M-WLP/School/GIT/UAVViz/UAVSimEnv/Plugins/AirSim/Source/SimMode/SimModeBase.cpp(222): warning C4996: UObjectProperty has been renamed to FObjectProperty Please update your code to the new API before upgrading to the next release, otherwise your project will no longer compile.
C:/M-WLP/School/GIT/UAVViz/UAVSimEnv/Plugins/AirSim/Source/WorldSimApi.cpp(183): warning C4457: declaration of 'position' hides function parameter
    C:/M-WLP/School/GIT/UAVViz/UAVSimEnv/Plugins/AirSim/Source/WorldSimApi.cpp(164): note: see declaration of 'position'
    [9/12] UE4Editor-AirSim-Win64-DebugGame.lib
       Creating library C:\M-WLP\School\GIT\UAVViz\UAVSimEnv\Plugins\AirSim\Intermediate\Build\Win64\UE4Editor\DebugGame\AirSim\UE4Editor-AirSim-Win64-DebugGame.lib and object C:\M-WLP\School\GIT\UAVViz\UAVSimEnv\Plugins\AirSim\Intermediate\Build\Win64\UE4Editor\DebugGame\AirSim\UE4Editor-AirSim-Win64-DebugGame.exp
    [10/12] UE4Editor-UAVSimEnv-Win64-DebugGame.dll
       Creating library C:\M-WLP\School\GIT\UAVViz\UAVSimEnv\Intermediate\Build\Win64\UE4Editor\DebugGame\UAVSimEnv\UE4Editor-UAVSimEnv-Win64-DebugGame.suppressed.lib and object C:\M-WLP\School\GIT\UAVViz\UAVSimEnv\Intermediate\Build\Win64\UE4Editor\DebugGame\UAVSimEnv\UE4Editor-UAVSimEnv-Win64-DebugGame.suppressed.exp
    [11/12] UE4Editor-AirSim-Win64-DebugGame.dll
    AirLib.lib(FileSystem.obj) : MSIL .netmodule or module compiled with /GL found; restarting link with /LTCG; add /LTCG to the link command line to improve linker performance
       Creating library C:\M-WLP\School\GIT\UAVViz\UAVSimEnv\Plugins\AirSim\Intermediate\Build\Win64\UE4Editor\DebugGame\AirSim\UE4Editor-AirSim-Win64-DebugGame.suppressed.lib and object C:\M-WLP\School\GIT\UAVViz\UAVSimEnv\Plugins\AirSim\Intermediate\Build\Win64\UE4Editor\DebugGame\AirSim\UE4Editor-AirSim-Win64-DebugGame.suppressed.exp
    Generating code
    Finished generating code
    [12/12] UAVSimEnvEditor-Win64-DebugGame.target
  Total time in Parallel executor: 66.12 seconds
  Total execution time: 75.85 seconds
